Info  | RdCoroutineScope          | 19:JobScheduler FJ pool 4/7 | RdCoroutineHost overridden 
2022-09-16 20:56:33,335 [   3942]   WARN - #c.i.o.e.s.p.m.ExternalProjectsDataStorage - Cannot find class `org.jetbrains.kotlin.android.synthetic.idea.AndroidExtensionProperties`
2022-09-16 20:56:33,364 [   3971]   WARN - #c.i.o.e.s.p.m.ExternalProjectsDataStorage - Cannot find class `org.jetbrains.kotlin.android.synthetic.idea.AndroidExtensionProperties`
2022-09-16 20:56:33,373 [   3980]   WARN - #c.i.o.e.s.p.m.ExternalProjectsDataStorage - Cannot find class `org.jetbrains.kotlin.android.synthetic.idea.AndroidExtensionProperties`
2022-09-16 20:56:33,406 [   4013]   WARN - #c.i.o.e.s.p.m.ExternalProjectsDataStorage - Cannot find class `org.jetbrains.kotlin.android.synthetic.idea.AndroidExtensionProperties`
2022-09-18 17:14:33,277 [    563]   WARN - #c.i.u.s.SvgCacheManager - Icon cache will be recreated or previous version of data reused, (db=/home/jared/.cache/JetBrains/IdeaIC2022.2/icons-v6.db)
Info  | RdCoroutineScope          | 12:JobScheduler FJ pool 0/7 | RdCoroutineHost overridden 
2022-09-18 17:14:36,911 [   4197]   WARN - #c.i.o.e.s.p.m.ExternalProjectsDataStorage - Cannot find class `org.jetbrains.kotlin.android.synthetic.idea.AndroidExtensionProperties`
2022-09-18 17:14:36,936 [   4222]   WARN - #c.i.o.e.s.p.m.ExternalProjectsDataStorage - Cannot find class `org.jetbrains.kotlin.android.synthetic.idea.AndroidExtensionProperties`
2022-09-18 17:14:36,942 [   4228]   WARN - #c.i.o.e.s.p.m.ExternalProjectsDataStorage - Cannot find class `org.jetbrains.kotlin.android.synthetic.idea.AndroidExtensionProperties`
2022-09-18 17:14:36,980 [   4266]   WARN - #c.i.o.e.s.p.m.ExternalProjectsDataStorage - Cannot find class `org.jetbrains.kotlin.android.synthetic.idea.AndroidExtensionProperties`
2022-09-18 17:14:38,995 [   6281]   WARN - #c.i.o.a.i.ActionUpdater - 550 ms to grab EDT for #update@ToolwindowTitle (com.intellij.toolWindow.ToolWindowHeader$2)
2022-09-18 17:15:33,352 [  60638]   WARN - #c.i.u.x.Binding - no accessors for org.jetbrains.idea.perforce.perforce.ConnectionId
Initialize stderr logger, severity=LOGSEVERITY_DISABLE
Downloading https://services.gradle.org/distributions/gradle-7.1-bin.zip
...........................................................................................................
2022-09-18 17:16:14,837 [ 102123]   WARN - #c.i.v.l.d.SingleTaskController - [index] Wait time out 
java.util.concurrent.TimeoutException: Waited 1000 milliseconds (plus 3 milliseconds, 55463 nanoseconds delay) for AsyncTransformFuture@62b15308[status=PENDING, info=[inputFuture=[SettableFuture@1d515f56[status=PENDING]], function=[com.intellij.vcs.log.impl.HeavyAwareExecutor$executeOutOfHeavyOrPowerSave$1@dcc9dc2]]]
	at com.google.common.util.concurrent.AbstractFuture.get(AbstractFuture.java:527)
	at com.google.common.util.concurrent.FluentFuture$TrustedFuture.get(FluentFuture.java:99)
	at com.intellij.vcs.log.data.SingleTaskController$SingleTaskImpl.waitFor(SingleTaskController.java:235)
	at com.intellij.vcs.log.data.SingleTaskController.dispose(SingleTaskController.java:205)
	at com.intellij.openapi.util.ObjectTree.runWithTrace(ObjectTree.java:126)
	at com.intellij.openapi.util.ObjectTree.executeAll(ObjectTree.java:158)
	at com.intellij.openapi.util.Disposer.dispose(Disposer.java:217)
	at com.intellij.openapi.util.Disposer.dispose(Disposer.java:205)
	at com.intellij.vcs.log.impl.VcsProjectLog.lambda$disposeLog$3(VcsProjectLog.java:181)
	at java.base/java.util.concurrent.Executors$RunnableAdapter.call(Executors.java:539)
	at java.base/java.util.concurrent.FutureTask.run(FutureTask.java:264)
	at com.intellij.util.concurrency.BoundedTaskExecutor.doRun(BoundedTaskExecutor.java:241)
	at com.intellij.util.concurrency.BoundedTaskExecutor.access$200(BoundedTaskExecutor.java:31)
	at com.intellij.util.concurrency.BoundedTaskExecutor$1.execute(BoundedTaskExecutor.java:214)
	at com.intellij.util.ConcurrencyUtil.runUnderThreadName(ConcurrencyUtil.java:212)
	at com.intellij.util.concurrency.BoundedTaskExecutor$1.run(BoundedTaskExecutor.java:203)
	at java.base/java.util.concurrent.ThreadPoolExecutor.runWorker(ThreadPoolExecutor.java:1136)
	at java.base/java.util.concurrent.ThreadPoolExecutor$Worker.run(ThreadPoolExecutor.java:635)
	at java.base/java.util.concurrent.Executors$PrivilegedThreadFactory$1$1.run(Executors.java:702)
	at java.base/java.util.concurrent.Executors$PrivilegedThreadFactory$1$1.run(Executors.java:699)
	at java.base/java.security.AccessController.doPrivileged(AccessController.java:399)
	at java.base/java.util.concurrent.Executors$PrivilegedThreadFactory$1.run(Executors.java:699)
	at java.base/java.lang.Thread.run(Thread.java:833)
2022-09-18 17:16:16,598 [ 103884]   WARN - #c.i.v.l.d.SingleTaskController - [index] Wait time out 
java.util.concurrent.TimeoutException: Waited 1000 milliseconds (plus 127962 nanoseconds delay) for AsyncTransformFuture@7c78fd31[status=PENDING, info=[inputFuture=[SettableFuture@64c52fdf[status=PENDING]], function=[com.intellij.vcs.log.impl.HeavyAwareExecutor$executeOutOfHeavyOrPowerSave$1@dcc9dc2]]]
	at com.google.common.util.concurrent.AbstractFuture.get(AbstractFuture.java:527)
	at com.google.common.util.concurrent.FluentFuture$TrustedFuture.get(FluentFuture.java:99)
	at com.intellij.vcs.log.data.SingleTaskController$SingleTaskImpl.waitFor(SingleTaskController.java:235)
	at com.intellij.vcs.log.data.SingleTaskController.dispose(SingleTaskController.java:205)
	at com.intellij.openapi.util.ObjectTree.runWithTrace(ObjectTree.java:126)
	at com.intellij.openapi.util.ObjectTree.executeAll(ObjectTree.java:158)
	at com.intellij.openapi.util.Disposer.dispose(Disposer.java:217)
	at com.intellij.openapi.util.Disposer.dispose(Disposer.java:205)
	at com.intellij.vcs.log.impl.VcsProjectLog.lambda$disposeLog$3(VcsProjectLog.java:181)
	at java.base/java.util.concurrent.Executors$RunnableAdapter.call(Executors.java:539)
	at java.base/java.util.concurrent.FutureTask.run(FutureTask.java:264)
	at com.intellij.util.concurrency.BoundedTaskExecutor.doRun(BoundedTaskExecutor.java:241)
	at com.intellij.util.concurrency.BoundedTaskExecutor.access$200(BoundedTaskExecutor.java:31)
	at com.intellij.util.concurrency.BoundedTaskExecutor$1.execute(BoundedTaskExecutor.java:214)
	at com.intellij.util.ConcurrencyUtil.runUnderThreadName(ConcurrencyUtil.java:212)
	at com.intellij.util.concurrency.BoundedTaskExecutor$1.run(BoundedTaskExecutor.java:203)
	at java.base/java.util.concurrent.ThreadPoolExecutor.runWorker(ThreadPoolExecutor.java:1136)
	at java.base/java.util.concurrent.ThreadPoolExecutor$Worker.run(ThreadPoolExecutor.java:635)
	at java.base/java.util.concurrent.Executors$PrivilegedThreadFactory$1$1.run(Executors.java:702)
	at java.base/java.util.concurrent.Executors$PrivilegedThreadFactory$1$1.run(Executors.java:699)
	at java.base/java.security.AccessController.doPrivileged(AccessController.java:399)
	at java.base/java.util.concurrent.Executors$PrivilegedThreadFactory$1.run(Executors.java:699)
	at java.base/java.lang.Thread.run(Thread.java:833)
2022-09-18 17:17:45,136 [ 192422]   WARN - #c.i.u.x.Binding - no accessors for org.jetbrains.idea.devkit.inspections.missingApi.resolve.LibrariesWithIntellijClassesState
2022-09-18 17:18:33,606 [ 240892]   WARN - #c.i.o.r.u.c.SdkDetector - No version is returned for detected SDK IDEA JDK at /home/jared/Applications/intellijIDEA
shutdown on Thread[AWT-EventQueue-0,6,main]
2022-09-18 17:18:57,255 [ 264541] SEVERE - #c.i.o.u.ObjectTree - @NotNull method com/intellij/openapi/editor/ClientEditorManager.getCurrentInstance must not return null
java.lang.IllegalStateException: @NotNull method com/intellij/openapi/editor/ClientEditorManager.getCurrentInstance must not return null
	at com.intellij.openapi.editor.ClientEditorManager.$$$reportNull$$$0(ClientEditorManager.java)
	at com.intellij.openapi.editor.ClientEditorManager.getCurrentInstance(ClientEditorManager.java:19)
	at com.maddyhome.idea.vim.helper.HelperKt.localEditors(Helper.kt:90)
	at com.maddyhome.idea.vim.listener.VimListenerManager$EditorListeners.removeAll(VimListenerManager.kt:150)
	at com.maddyhome.idea.vim.listener.VimListenerManager.turnOff(VimListenerManager.kt:103)
	at com.maddyhome.idea.vim.VimPlugin.turnOffPlugin(VimPlugin.java:373)
	at com.maddyhome.idea.vim.VimPlugin.dispose(VimPlugin.java:117)
	at com.intellij.openapi.util.ObjectTree.runWithTrace(ObjectTree.java:126)
	at com.intellij.openapi.util.ObjectTree.executeAll(ObjectTree.java:158)
	at com.intellij.openapi.util.Disposer.dispose(Disposer.java:217)
	at com.intellij.openapi.util.Disposer.dispose(Disposer.java:205)
	at com.intellij.serviceContainer.ComponentManagerImpl.dispose(ComponentManagerImpl.kt:1121)
	at com.intellij.openapi.application.impl.ApplicationImpl.dispose(ApplicationImpl.java:437)
	at com.intellij.openapi.util.ObjectTree.runWithTrace(ObjectTree.java:126)
	at com.intellij.openapi.util.ObjectTree.executeAll(ObjectTree.java:158)
	at com.intellij.openapi.util.Disposer.dispose(Disposer.java:217)
	at com.intellij.openapi.util.Disposer.dispose(Disposer.java:205)
	at com.intellij.openapi.application.impl.ApplicationImpl.lambda$disposeContainer$4(ApplicationImpl.java:228)
	at com.intellij.openapi.application.impl.ApplicationImpl.runWriteAction(ApplicationImpl.java:1023)
	at com.intellij.openapi.application.impl.ApplicationImpl.disposeContainer(ApplicationImpl.java:226)
	at com.intellij.openapi.application.impl.ApplicationImpl.disposeSelf(ApplicationImpl.java:247)
	at com.intellij.openapi.application.impl.ApplicationImpl.doExit(ApplicationImpl.java:676)
	at com.intellij.openapi.application.impl.ApplicationImpl.exit(ApplicationImpl.java:629)
	at com.intellij.openapi.application.impl.ApplicationImpl.exit(ApplicationImpl.java:618)
	at com.intellij.openapi.application.ex.ApplicationEx.exit(ApplicationEx.java:75)
	at com.intellij.ide.actions.ExitAction.actionPerformed(ExitAction.java:27)
	at com.intellij.openapi.actionSystem.ex.ActionUtil.doPerformActionOrShowPopup(ActionUtil.java:315)
	at com.intellij.openapi.actionSystem.ex.ActionUtil.lambda$performActionDumbAwareWithCallbacks$4(ActionUtil.java:294)
	at com.intellij.openapi.actionSystem.ex.ActionUtil.performDumbAwareWithCallbacks(ActionUtil.java:337)
	at com.intellij.openapi.actionSystem.ex.ActionUtil.performActionDumbAwareWithCallbacks(ActionUtil.java:294)
	at com.intellij.openapi.actionSystem.impl.ActionMenuItem.lambda$performAction$4(ActionMenuItem.java:293)
	at com.intellij.openapi.wm.impl.FocusManagerImpl.runOnOwnContext(FocusManagerImpl.java:227)
	at com.intellij.openapi.actionSystem.impl.ActionMenuItem.performAction(ActionMenuItem.java:286)
	at com.intellij.openapi.actionSystem.impl.ActionMenuItem.lambda$new$0(ActionMenuItem.java:67)
	at java.desktop/javax.swing.AbstractButton.fireActionPerformed(AbstractButton.java:1972)
	at com.intellij.openapi.actionSystem.impl.ActionMenuItem.lambda$fireActionPerformed$3(ActionMenuItem.java:109)
	at com.intellij.openapi.application.TransactionGuardImpl.performActivity(TransactionGuardImpl.java:105)
	at com.intellij.openapi.application.TransactionGuardImpl.performUserActivity(TransactionGuardImpl.java:94)
	at com.intellij.openapi.actionSystem.impl.ActionMenuItem.fireActionPerformed(ActionMenuItem.java:109)
	at com.intellij.ui.plaf.beg.BegMenuItemUI.doClick(BegMenuItemUI.java:546)
	at com.intellij.ui.plaf.beg.BegMenuItemUI$MyMouseInputHandler.mouseReleased(BegMenuItemUI.java:578)
	at java.desktop/java.awt.Component.processMouseEvent(Component.java:6648)
	at java.desktop/javax.swing.JComponent.processMouseEvent(JComponent.java:3392)
	at java.desktop/java.awt.Component.processEvent(Component.java:6413)
	at java.desktop/java.awt.Container.processEvent(Container.java:2266)
	at java.desktop/java.awt.Component.dispatchEventImpl(Component.java:5022)
	at java.desktop/java.awt.Container.dispatchEventImpl(Container.java:2324)
	at java.desktop/java.awt.Component.dispatchEvent(Component.java:4854)
	at java.desktop/java.awt.LightweightDispatcher.retargetMouseEvent(Container.java:4948)
	at java.desktop/java.awt.LightweightDispatcher.processMouseEvent(Container.java:4575)
	at java.desktop/java.awt.LightweightDispatcher.dispatchEvent(Container.java:4516)
	at java.desktop/java.awt.Container.dispatchEventImpl(Container.java:2310)
	at java.desktop/java.awt.Window.dispatchEventImpl(Window.java:2802)
	at java.desktop/java.awt.Component.dispatchEvent(Component.java:4854)
	at java.desktop/java.awt.EventQueue.dispatchEventImpl(EventQueue.java:781)
	at java.desktop/java.awt.EventQueue$4.run(EventQueue.java:730)
	at java.desktop/java.awt.EventQueue$4.run(EventQueue.java:724)
	at java.base/java.security.AccessController.doPrivileged(AccessController.java:399)
	at java.base/java.security.ProtectionDomain$JavaSecurityAccessImpl.doIntersectionPrivilege(ProtectionDomain.java:86)
	at java.base/java.security.ProtectionDomain$JavaSecurityAccessImpl.doIntersectionPrivilege(ProtectionDomain.java:97)
	at java.desktop/java.awt.EventQueue$5.run(EventQueue.java:754)
	at java.desktop/java.awt.EventQueue$5.run(EventQueue.java:752)
	at java.base/java.security.AccessController.doPrivileged(AccessController.java:399)
	at java.base/java.security.ProtectionDomain$JavaSecurityAccessImpl.doIntersectionPrivilege(ProtectionDomain.java:86)
	at java.desktop/java.awt.EventQueue.dispatchEvent(EventQueue.java:751)
	at com.intellij.ide.IdeEventQueue.defaultDispatchEvent(IdeEventQueue.java:918)
	at com.intellij.ide.IdeEventQueue.dispatchMouseEvent(IdeEventQueue.java:840)
	at com.intellij.ide.IdeEventQueue._dispatchEvent(IdeEventQueue.java:763)
	at com.intellij.ide.IdeEventQueue.lambda$dispatchEvent$6(IdeEventQueue.java:450)
	at com.intellij.openapi.progress.impl.CoreProgressManager.computePrioritized(CoreProgressManager.java:791)
	at com.intellij.ide.IdeEventQueue.lambda$dispatchEvent$7(IdeEventQueue.java:449)
	at com.intellij.openapi.application.TransactionGuardImpl.performActivity(TransactionGuardImpl.java:113)
	at com.intellij.ide.IdeEventQueue.performActivity(IdeEventQueue.java:624)
	at com.intellij.ide.IdeEventQueue.lambda$dispatchEvent$8(IdeEventQueue.java:447)
	at com.intellij.openapi.application.impl.ApplicationImpl.runIntendedWriteActionOnCurrentThread(ApplicationImpl.java:881)
	at com.intellij.ide.IdeEventQueue.dispatchEvent(IdeEventQueue.java:493)
	at java.desktop/java.awt.EventDispatchThread.pumpOneEventForFilters(EventDispatchThread.java:207)
	at java.desktop/java.awt.EventDispatchThread.pumpEventsForFilter(EventDispatchThread.java:128)
	at java.desktop/java.awt.EventDispatchThread.pumpEventsForHierarchy(EventDispatchThread.java:117)
	at java.desktop/java.awt.EventDispatchThread.pumpEvents(EventDispatchThread.java:113)
	at java.desktop/java.awt.EventDispatchThread.pumpEvents(EventDispatchThread.java:105)
	at java.desktop/java.awt.EventDispatchThread.run(EventDispatchThread.java:92)
2022-09-18 17:18:57,258 [ 264544] SEVERE - #c.i.o.u.ObjectTree - IntelliJ IDEA 2022.2.1  Build #IC-222.3739.54
2022-09-18 17:18:57,258 [ 264544] SEVERE - #c.i.o.u.ObjectTree - JDK: 17.0.3; VM: OpenJDK 64-Bit Server VM; Vendor: JetBrains s.r.o.
2022-09-18 17:18:57,258 [ 264544] SEVERE - #c.i.o.u.ObjectTree - OS: Linux
2022-09-18 17:18:57,258 [ 264544] SEVERE - #c.i.o.u.ObjectTree - Plugin to blame: IdeaVim version: 1.11.1
Info  | RdCoroutineScope          | 14:JobScheduler FJ pool 2/7 | RdCoroutineHost overridden 
2022-09-25 18:48:40,926 [   3583]   WARN - #c.i.o.e.s.p.m.ExternalProjectsDataStorage - Cannot find class `org.jetbrains.kotlin.android.synthetic.idea.AndroidExtensionProperties`
2022-09-25 18:48:40,942 [   3599]   WARN - #c.i.o.e.s.p.m.ExternalProjectsDataStorage - Cannot find class `org.jetbrains.kotlin.android.synthetic.idea.AndroidExtensionProperties`
2022-09-25 18:48:40,947 [   3604]   WARN - #c.i.o.e.s.p.m.ExternalProjectsDataStorage - Cannot find class `org.jetbrains.kotlin.android.synthetic.idea.AndroidExtensionProperties`
2022-09-25 18:48:40,969 [   3626]   WARN - #c.i.o.e.s.p.m.ExternalProjectsDataStorage - Cannot find class `org.jetbrains.kotlin.android.synthetic.idea.AndroidExtensionProperties`
2022-09-25 18:48:42,581 [   5238]   WARN - #c.i.o.a.i.ActionUpdater - 537 ms to grab EDT for CWMTelephonyGroup#update@NavBarToolbar (com.jetbrains.rd.platform.codeWithMe.telephony.CWMTelephonyGroup)
2022-09-25 18:48:52,657 [  15314]   WARN - #c.i.u.x.Binding - no accessors for org.jetbrains.idea.perforce.perforce.ConnectionId
Initialize stderr logger, severity=LOGSEVERITY_DISABLE
2022-09-25 18:48:53,322 [  15979]   WARN - #c.i.o.e.s.p.m.ExternalProjectsDataStorage - Cannot find class `org.jetbrains.kotlin.android.synthetic.idea.AndroidExtensionProperties`
2022-09-25 18:48:53,342 [  15999]   WARN - #c.i.o.e.s.p.m.ExternalProjectsDataStorage - Cannot find class `org.jetbrains.kotlin.android.synthetic.idea.AndroidExtensionProperties`
2022-09-25 18:48:53,346 [  16003]   WARN - #c.i.o.e.s.p.m.ExternalProjectsDataStorage - Cannot find class `org.jetbrains.kotlin.android.synthetic.idea.AndroidExtensionProperties`
2022-09-25 18:48:53,368 [  16025]   WARN - #c.i.o.e.s.p.m.ExternalProjectsDataStorage - Cannot find class `org.jetbrains.kotlin.android.synthetic.idea.AndroidExtensionProperties`
shutdown on Thread[AWT-EventQueue-0,6,main]
2022-09-25 20:19:27,388 [5450045] SEVERE - #c.i.o.u.ObjectTree - @NotNull method com/intellij/openapi/editor/ClientEditorManager.getCurrentInstance must not return null
java.lang.IllegalStateException: @NotNull method com/intellij/openapi/editor/ClientEditorManager.getCurrentInstance must not return null
	at com.intellij.openapi.editor.ClientEditorManager.$$$reportNull$$$0(ClientEditorManager.java)
	at com.intellij.openapi.editor.ClientEditorManager.getCurrentInstance(ClientEditorManager.java:19)
	at com.maddyhome.idea.vim.helper.HelperKt.localEditors(Helper.kt:90)
	at com.maddyhome.idea.vim.listener.VimListenerManager$EditorListeners.removeAll(VimListenerManager.kt:150)
	at com.maddyhome.idea.vim.listener.VimListenerManager.turnOff(VimListenerManager.kt:103)
	at com.maddyhome.idea.vim.VimPlugin.turnOffPlugin(VimPlugin.java:373)
	at com.maddyhome.idea.vim.VimPlugin.dispose(VimPlugin.java:117)
	at com.intellij.openapi.util.ObjectTree.runWithTrace(ObjectTree.java:126)
	at com.intellij.openapi.util.ObjectTree.executeAll(ObjectTree.java:158)
	at com.intellij.openapi.util.Disposer.dispose(Disposer.java:217)
	at com.intellij.openapi.util.Disposer.dispose(Disposer.java:205)
	at com.intellij.serviceContainer.ComponentManagerImpl.dispose(ComponentManagerImpl.kt:1121)
	at com.intellij.openapi.application.impl.ApplicationImpl.dispose(ApplicationImpl.java:437)
	at com.intellij.openapi.util.ObjectTree.runWithTrace(ObjectTree.java:126)
	at com.intellij.openapi.util.ObjectTree.executeAll(ObjectTree.java:158)
	at com.intellij.openapi.util.Disposer.dispose(Disposer.java:217)
	at com.intellij.openapi.util.Disposer.dispose(Disposer.java:205)
	at com.intellij.openapi.application.impl.ApplicationImpl.lambda$disposeContainer$4(ApplicationImpl.java:228)
	at com.intellij.openapi.application.impl.ApplicationImpl.runWriteAction(ApplicationImpl.java:1023)
	at com.intellij.openapi.application.impl.ApplicationImpl.disposeContainer(ApplicationImpl.java:226)
	at com.intellij.openapi.application.impl.ApplicationImpl.disposeSelf(ApplicationImpl.java:247)
	at com.intellij.openapi.application.impl.ApplicationImpl.doExit(ApplicationImpl.java:676)
	at com.intellij.openapi.application.impl.ApplicationImpl.exit(ApplicationImpl.java:629)
	at com.intellij.openapi.application.impl.ApplicationImpl.exit(ApplicationImpl.java:618)
	at com.intellij.openapi.application.ex.ApplicationEx.exit(ApplicationEx.java:75)
	at com.intellij.openapi.wm.impl.CloseProjectWindowHelper.quitApp(CloseProjectWindowHelper.kt:66)
	at com.intellij.openapi.wm.impl.CloseProjectWindowHelper.windowClosing(CloseProjectWindowHelper.kt:44)
	at com.intellij.openapi.wm.impl.ProjectFrameHelper$2.windowClosing(ProjectFrameHelper.java:233)
	at java.desktop/java.awt.AWTEventMulticaster.windowClosing(AWTEventMulticaster.java:357)
	at java.desktop/java.awt.AWTEventMulticaster.windowClosing(AWTEventMulticaster.java:357)
	at java.desktop/java.awt.Window.processWindowEvent(Window.java:2107)
	at java.desktop/javax.swing.JFrame.processWindowEvent(JFrame.java:298)
	at java.desktop/java.awt.Window.processEvent(Window.java:2066)
	at java.desktop/java.awt.Component.dispatchEventImpl(Component.java:5022)
	at java.desktop/java.awt.Container.dispatchEventImpl(Container.java:2324)
	at java.desktop/java.awt.Window.dispatchEventImpl(Window.java:2802)
	at java.desktop/java.awt.Component.dispatchEvent(Component.java:4854)
	at java.desktop/java.awt.EventQueue.dispatchEventImpl(EventQueue.java:781)
	at java.desktop/java.awt.EventQueue$4.run(EventQueue.java:730)
	at java.desktop/java.awt.EventQueue$4.run(EventQueue.java:724)
	at java.base/java.security.AccessController.doPrivileged(AccessController.java:399)
	at java.base/java.security.ProtectionDomain$JavaSecurityAccessImpl.doIntersectionPrivilege(ProtectionDomain.java:86)
	at java.base/java.security.ProtectionDomain$JavaSecurityAccessImpl.doIntersectionPrivilege(ProtectionDomain.java:97)
	at java.desktop/java.awt.EventQueue$5.run(EventQueue.java:754)
	at java.desktop/java.awt.EventQueue$5.run(EventQueue.java:752)
	at java.base/java.security.AccessController.doPrivileged(AccessController.java:399)
	at java.base/java.security.ProtectionDomain$JavaSecurityAccessImpl.doIntersectionPrivilege(ProtectionDomain.java:86)
	at java.desktop/java.awt.EventQueue.dispatchEvent(EventQueue.java:751)
	at com.intellij.ide.IdeEventQueue.defaultDispatchEvent(IdeEventQueue.java:918)
	at com.intellij.ide.IdeEventQueue._dispatchEvent(IdeEventQueue.java:766)
	at com.intellij.ide.IdeEventQueue.lambda$dispatchEvent$6(IdeEventQueue.java:450)
	at com.intellij.openapi.progress.impl.CoreProgressManager.computePrioritized(CoreProgressManager.java:791)
	at com.intellij.ide.IdeEventQueue.lambda$dispatchEvent$7(IdeEventQueue.java:449)
	at com.intellij.openapi.application.TransactionGuardImpl.performActivity(TransactionGuardImpl.java:113)
	at com.intellij.ide.IdeEventQueue.performActivity(IdeEventQueue.java:624)
	at com.intellij.ide.IdeEventQueue.lambda$dispatchEvent$8(IdeEventQueue.java:447)
	at com.intellij.openapi.application.impl.ApplicationImpl.runIntendedWriteActionOnCurrentThread(ApplicationImpl.java:881)
	at com.intellij.ide.IdeEventQueue.dispatchEvent(IdeEventQueue.java:493)
	at java.desktop/java.awt.EventDispatchThread.pumpOneEventForFilters(EventDispatchThread.java:207)
	at java.desktop/java.awt.EventDispatchThread.pumpEventsForFilter(EventDispatchThread.java:128)
	at java.desktop/java.awt.EventDispatchThread.pumpEventsForHierarchy(EventDispatchThread.java:117)
	at java.desktop/java.awt.EventDispatchThread.pumpEvents(EventDispatchThread.java:113)
	at java.desktop/java.awt.EventDispatchThread.pumpEvents(EventDispatchThread.java:105)
	at java.desktop/java.awt.EventDispatchThread.run(EventDispatchThread.java:92)
2022-09-25 20:19:27,392 [5450049] SEVERE - #c.i.o.u.ObjectTree - IntelliJ IDEA 2022.2.1  Build #IC-222.3739.54
2022-09-25 20:19:27,392 [5450049] SEVERE - #c.i.o.u.ObjectTree - JDK: 17.0.3; VM: OpenJDK 64-Bit Server VM; Vendor: JetBrains s.r.o.
2022-09-25 20:19:27,392 [5450049] SEVERE - #c.i.o.u.ObjectTree - OS: Linux
2022-09-25 20:19:27,392 [5450049] SEVERE - #c.i.o.u.ObjectTree - Plugin to blame: IdeaVim version: 1.11.1
